<?xml version="1.0" encoding="UTF-8"?>
<!-- Generated by org.testng.reporters.JUnitXMLReporter -->
<testsuite ignored="0" hostname="DESKTOP-SEE9OFQ" failures="0" tests="3" name="Hotel Search Tests" time="16.064" errors="0" timestamp="2025-07-31T18:29:54 IST">
  <testcase classname="com.iween.testCases.TC_01_AjayModi_Login" name="bookingProcess" time="3.413"/>
  <testcase classname="com.iween.testCases.TC_02_AjayModi_Login1" name="bookingProcess" time="3.444"/>
  <testcase classname="com.iween.testCases.TC_03_AjayModi_Login3" name="bookingProcess" time="3.387"/>
</testsuite> <!-- Hotel Search Tests -->
