<?xml version="1.0" encoding="UTF-8"?>
<testng-results ignored="0" total="1" passed="1" failed="0" skipped="0">
  <reporter-output>
  </reporter-output>
  <suite started-at="2025-08-01T11:56:38 IST" name="TripGain Test Suite" finished-at="2025-08-01T11:57:34 IST" duration-ms="55495">
    <groups>
    </groups>
    <test started-at="2025-08-01T11:56:38 IST" name="Hotel Search Tests" finished-at="2025-08-01T11:57:34 IST" duration-ms="55495">
      <class name="com.iween.testCases.TCH_01_VerifySearchFunctionalityForHotalForTwoDays">
        <test-method is-config="true" signature="setup(java.lang.String,java.lang.String,java.lang.reflect.Method)[pri:0, instance:com.iween.testCases.TCH_01_VerifySearchFunctionalityForHotalForTwoDays@3214ee6]" started-at="2025-08-01T11:56:39 IST" name="setup" finished-at="2025-08-01T11:56:41 IST" duration-ms="1513" status="PASS">
          <params>
            <param index="0">
              <value>
                <![CDATA[Windows]]>
              </value>
            </param>
            <param index="1">
              <value>
                <![CDATA[chrome]]>
              </value>
            </param>
            <param index="2">
              <value>
                <![CDATA[public void com.iween.testCases.TCH_01_VerifySearchFunctionalityForHotalForTwoDays.myTest(java.util.Map) throws java.lang.Exception]]>
              </value>
            </param>
          </params>
          <reporter-output>
          </reporter-output>
        </test-method> <!-- setup -->
        <test-method signature="myTest(java.util.Map)[pri:0, instance:com.iween.testCases.TCH_01_VerifySearchFunctionalityForHotalForTwoDays@3214ee6]" started-at="2025-08-01T11:56:41 IST" name="myTest" data-provider="excelData" finished-at="2025-08-01T11:57:34 IST" duration-ms="52969" status="PASS">
          <params>
            <param index="0">
              <value>
                <![CDATA[{roomCount=2, UserName=testtraveller98@tripgain.com, adultCount=2, TestRun=, ChildAge=1, index=1, childCount=0, City=Bengaluru, Karnataka, India, URL=https://v3.tripgain.com/login, Password=@AM@TGA1$29TN}]]>
              </value>
            </param>
          </params>
          <reporter-output>
          </reporter-output>
        </test-method> <!-- myTest -->
        <test-method is-config="true" signature="tearDown()[pri:0, instance:com.iween.testCases.TCH_01_VerifySearchFunctionalityForHotalForTwoDays@3214ee6]" started-at="2025-08-01T11:57:34 IST" name="tearDown" finished-at="2025-08-01T11:57:34 IST" duration-ms="173" status="PASS">
          <reporter-output>
          </reporter-output>
        </test-method> <!-- tearDown -->
      </class> <!-- com.iween.testCases.TCH_01_VerifySearchFunctionalityForHotalForTwoDays -->
    </test> <!-- Hotel Search Tests -->
  </suite> <!-- TripGain Test Suite -->
</testng-results>
