<?xml version="1.0" encoding="UTF-8"?>
<testng-results ignored="0" total="3" passed="3" failed="0" skipped="0">
  <reporter-output>
  </reporter-output>
  <suite started-at="2025-07-31T18:29:38 IST" name="TripGain Test Suite" finished-at="2025-07-31T18:29:54 IST" duration-ms="16064">
    <groups>
    </groups>
    <test started-at="2025-07-31T18:29:38 IST" name="Hotel Search Tests" finished-at="2025-07-31T18:29:54 IST" duration-ms="16064">
      <class name="com.iween.testCases.TC_03_AjayModi_Login3">
        <test-method is-config="true" signature="setup(java.lang.String,java.lang.String,java.lang.reflect.Method)[pri:0, instance:com.iween.testCases.TC_03_AjayModi_Login3@13d9cbf5]" started-at="2025-07-31T18:29:49 IST" name="setup" finished-at="2025-07-31T18:29:50 IST" duration-ms="1329" status="PASS">
          <params>
            <param index="0">
              <value>
                <![CDATA[Windows]]>
              </value>
            </param>
            <param index="1">
              <value>
                <![CDATA[chrome]]>
              </value>
            </param>
            <param index="2">
              <value>
                <![CDATA[public void com.iween.testCases.TC_03_AjayModi_Login3.bookingProcess() throws java.lang.InterruptedException]]>
              </value>
            </param>
          </params>
          <reporter-output>
          </reporter-output>
        </test-method> <!-- setup -->
        <test-method signature="bookingProcess()[pri:0, instance:com.iween.testCases.TC_03_AjayModi_Login3@13d9cbf5]" started-at="2025-07-31T18:29:50 IST" name="bookingProcess" finished-at="2025-07-31T18:29:54 IST" duration-ms="3387" status="PASS">
          <reporter-output>
          </reporter-output>
        </test-method> <!-- bookingProcess -->
        <test-method is-config="true" signature="tearDown()[pri:0, instance:com.iween.testCases.TC_03_AjayModi_Login3@13d9cbf5]" started-at="2025-07-31T18:29:54 IST" name="tearDown" finished-at="2025-07-31T18:29:54 IST" duration-ms="198" status="PASS">
          <reporter-output>
          </reporter-output>
        </test-method> <!-- tearDown -->
      </class> <!-- com.iween.testCases.TC_03_AjayModi_Login3 -->
      <class name="com.iween.testCases.TC_02_AjayModi_Login1">
        <test-method is-config="true" signature="setup(java.lang.String,java.lang.String,java.lang.reflect.Method)[pri:0, instance:com.iween.testCases.TC_02_AjayModi_Login1@389b0789]" started-at="2025-07-31T18:29:44 IST" name="setup" finished-at="2025-07-31T18:29:45 IST" duration-ms="1349" status="PASS">
          <params>
            <param index="0">
              <value>
                <![CDATA[Windows]]>
              </value>
            </param>
            <param index="1">
              <value>
                <![CDATA[chrome]]>
              </value>
            </param>
            <param index="2">
              <value>
                <![CDATA[public void com.iween.testCases.TC_02_AjayModi_Login1.bookingProcess() throws java.lang.InterruptedException]]>
              </value>
            </param>
          </params>
          <reporter-output>
          </reporter-output>
        </test-method> <!-- setup -->
        <test-method signature="bookingProcess()[pri:0, instance:com.iween.testCases.TC_02_AjayModi_Login1@389b0789]" started-at="2025-07-31T18:29:45 IST" name="bookingProcess" finished-at="2025-07-31T18:29:49 IST" duration-ms="3444" status="PASS">
          <reporter-output>
          </reporter-output>
        </test-method> <!-- bookingProcess -->
        <test-method is-config="true" signature="tearDown()[pri:0, instance:com.iween.testCases.TC_02_AjayModi_Login1@389b0789]" started-at="2025-07-31T18:29:49 IST" name="tearDown" finished-at="2025-07-31T18:29:49 IST" duration-ms="211" status="PASS">
          <reporter-output>
          </reporter-output>
        </test-method> <!-- tearDown -->
      </class> <!-- com.iween.testCases.TC_02_AjayModi_Login1 -->
      <class name="com.iween.testCases.TC_01_AjayModi_Login">
        <test-method is-config="true" signature="setup(java.lang.String,java.lang.String,java.lang.reflect.Method)[pri:0, instance:com.iween.testCases.TC_01_AjayModi_Login@4a07d605]" started-at="2025-07-31T18:29:38 IST" name="setup" finished-at="2025-07-31T18:29:40 IST" duration-ms="2432" status="PASS">
          <params>
            <param index="0">
              <value>
                <![CDATA[Windows]]>
              </value>
            </param>
            <param index="1">
              <value>
                <![CDATA[chrome]]>
              </value>
            </param>
            <param index="2">
              <value>
                <![CDATA[public void com.iween.testCases.TC_01_AjayModi_Login.bookingProcess() throws java.lang.InterruptedException]]>
              </value>
            </param>
          </params>
          <reporter-output>
          </reporter-output>
        </test-method> <!-- setup -->
        <test-method signature="bookingProcess()[pri:0, instance:com.iween.testCases.TC_01_AjayModi_Login@4a07d605]" started-at="2025-07-31T18:29:40 IST" name="bookingProcess" finished-at="2025-07-31T18:29:44 IST" duration-ms="3413" status="PASS">
          <reporter-output>
          </reporter-output>
        </test-method> <!-- bookingProcess -->
        <test-method is-config="true" signature="tearDown()[pri:0, instance:com.iween.testCases.TC_01_AjayModi_Login@4a07d605]" started-at="2025-07-31T18:29:44 IST" name="tearDown" finished-at="2025-07-31T18:29:44 IST" duration-ms="253" status="PASS">
          <reporter-output>
          </reporter-output>
        </test-method> <!-- tearDown -->
      </class> <!-- com.iween.testCases.TC_01_AjayModi_Login -->
    </test> <!-- Hotel Search Tests -->
  </suite> <!-- TripGain Test Suite -->
</testng-results>
